2022.08.10 20:00:47 INFO  tracing is disabled for protocol LSP, to enable tracing of incoming and outgoing JSON messages create an empty file at /home/agustin/Desktop/Universidad/Primavera22/Taller de Programación/Tareas/Tarea 0/.metals/lsp.trace.json or /home/agustin/.cache/metals/lsp.trace.json
2022.08.10 20:00:48 INFO  logging to file /home/agustin/Desktop/Universidad/Primavera22/Taller de Programación/Tareas/Tarea 0/.metals/metals.log
2022.08.10 20:00:48 INFO  Started: Metals version 0.11.8 in workspace '/home/agustin/Desktop/Universidad/Primavera22/Taller de Programación/Tareas/Tarea 0' for client Visual Studio Code 1.70.1.
2022.08.10 20:00:50 WARN  Flyway upgrade recommended: H2 2.1.214 is newer than this version of Flyway and support has not been tested. The latest supported version of H2 is 2.1.210.
2022.08.10 20:00:51 INFO  time: initialize in 3.01s
2022.08.10 20:00:52 WARN  Build server is not auto-connectable.
2022.08.10 20:00:52 WARN  no build tool detected in workspace '/home/agustin/Desktop/Universidad/Primavera22/Taller de Programación/Tareas/Tarea 0'. The most common cause for this problem is that the editor was opened in the wrong working directory, for example if you use sbt then the workspace directory should contain build.sbt. 
2022.08.10 20:00:52 WARN  no build target for: /home/agustin/Desktop/Universidad/Primavera22/Taller de Programación/Tareas/Tarea 0/hola.java
2022.08.10 20:00:52 WARN  no build target for: /home/agustin/Desktop/Universidad/Primavera22/Taller de Programación/Tareas/Tarea 0/hola.scala
2022.08.10 20:01:04 INFO  no build target found for /home/agustin/Desktop/Universidad/Primavera22/Taller de Programación/Tareas/Tarea 0/hola.scala. Using presentation compiler with project's scala-library version: 3.1.3
Aug 10, 2022 8:01:04 PM org.eclipse.lsp4j.jsonrpc.RemoteEndpoint handleCancellation
WARNING: Unmatched cancel notification for request id 7
2022.08.10 20:01:05 INFO  time: code lens generation in 7.11s
2022.08.10 20:01:06 WARN  Running javac-semanticdb failed for file:///home/agustin/Desktop/Universidad/Primavera22/Taller%20de%20Programaci%C3%B3n/Tareas/Tarea%200/hola.java. Output:
semanticdb-javac: unknown flag 'de'

semanticdb-javac: unknown flag 'Programación/Tareas/Tarea'

semanticdb-javac: unknown flag '0'

2022.08.10 21:22:02 INFO  shutting down Metals
2022.08.12 10:41:28 INFO  tracing is disabled for protocol LSP, to enable tracing of incoming and outgoing JSON messages create an empty file at /home/agustin/Desktop/Universidad/Primavera22/Taller de Programación/Tareas/Tarea 0/.metals/lsp.trace.json or /home/agustin/.cache/metals/lsp.trace.json
2022.08.12 10:41:28 INFO  logging to file /home/agustin/Desktop/Universidad/Primavera22/Taller de Programación/Tareas/Tarea 0/.metals/metals.log
2022.08.12 10:41:28 INFO  Started: Metals version 0.11.8 in workspace '/home/agustin/Desktop/Universidad/Primavera22/Taller de Programación/Tareas/Tarea 0' for client Visual Studio Code 1.70.1.
2022.08.12 10:41:28 WARN  Flyway upgrade recommended: H2 2.1.214 is newer than this version of Flyway and support has not been tested. The latest supported version of H2 is 2.1.210.
2022.08.12 10:41:29 INFO  time: initialize in 0.98s
2022.08.12 10:41:31 WARN  Build server is not auto-connectable.
2022.08.12 10:41:31 WARN  no build tool detected in workspace '/home/agustin/Desktop/Universidad/Primavera22/Taller de Programación/Tareas/Tarea 0'. The most common cause for this problem is that the editor was opened in the wrong working directory, for example if you use sbt then the workspace directory should contain build.sbt. 
2022.08.12 10:41:31 WARN  no build target for: /home/agustin/Desktop/Universidad/Primavera22/Taller de Programación/Tareas/Tarea 0/hola.scala
2022.08.12 10:41:36 INFO  no build target found for /home/agustin/Desktop/Universidad/Primavera22/Taller de Programación/Tareas/Tarea 0/hola.scala. Using presentation compiler with project's scala-library version: 3.1.3
2022.08.12 10:41:37 INFO  time: code lens generation in 6.17s
2022.08.12 10:41:37 INFO  shutting down Metals
2022.08.12 10:44:33 INFO  tracing is disabled for protocol LSP, to enable tracing of incoming and outgoing JSON messages create an empty file at /home/agustin/Desktop/Universidad/Primavera22/Taller de Programación/Tareas/Tarea 0/.metals/lsp.trace.json or /home/agustin/.cache/metals/lsp.trace.json
2022.08.12 10:44:33 INFO  logging to file /home/agustin/Desktop/Universidad/Primavera22/Taller de Programación/Tareas/Tarea 0/.metals/metals.log
2022.08.12 10:44:33 INFO  Started: Metals version 0.11.8 in workspace '/home/agustin/Desktop/Universidad/Primavera22/Taller de Programación/Tareas/Tarea 0' for client Visual Studio Code 1.70.1.
2022.08.12 10:44:33 WARN  Flyway upgrade recommended: H2 2.1.214 is newer than this version of Flyway and support has not been tested. The latest supported version of H2 is 2.1.210.
2022.08.12 10:44:34 INFO  time: initialize in 1.01s
2022.08.12 10:44:36 WARN  Build server is not auto-connectable.
2022.08.12 10:44:36 WARN  no build tool detected in workspace '/home/agustin/Desktop/Universidad/Primavera22/Taller de Programación/Tareas/Tarea 0'. The most common cause for this problem is that the editor was opened in the wrong working directory, for example if you use sbt then the workspace directory should contain build.sbt. 
2022.08.12 10:44:37 WARN  no build target for: /home/agustin/Desktop/Universidad/Primavera22/Taller de Programación/Tareas/Tarea 0/hola.java
Aug 12, 2022 10:44:38 AM org.eclipse.lsp4j.jsonrpc.RemoteEndpoint handleCancellation
WARNING: Unmatched cancel notification for request id 2
Aug 12, 2022 10:44:38 AM org.eclipse.lsp4j.jsonrpc.RemoteEndpoint handleCancellation
WARNING: Unmatched cancel notification for request id 5
Aug 12, 2022 10:44:38 AM org.eclipse.lsp4j.jsonrpc.RemoteEndpoint handleCancellation
WARNING: Unmatched cancel notification for request id 7
2022.08.12 10:44:39 WARN  Running javac-semanticdb failed for file:///home/agustin/Desktop/Universidad/Primavera22/Taller%20de%20Programaci%C3%B3n/Tareas/Tarea%200/hola.java. Output:
semanticdb-javac: unknown flag 'de'

semanticdb-javac: unknown flag 'Programación/Tareas/Tarea'

semanticdb-javac: unknown flag '0'

2022.08.12 10:44:41 WARN  no build target for: /home/agustin/Desktop/Universidad/Primavera22/Taller de Programación/Tareas/Tarea 0/hola.scala
2022.08.12 10:44:45 INFO  no build target found for /home/agustin/Desktop/Universidad/Primavera22/Taller de Programación/Tareas/Tarea 0/hola.scala. Using presentation compiler with project's scala-library version: 3.1.3
2022.08.12 10:44:46 INFO  time: code lens generation in 3.54s
2022.08.12 10:44:46 INFO  time: code lens generation in 5.15s
2022.08.12 10:53:27 WARN  no build target for: /home/agustin/Desktop/Universidad/Primavera22/Taller de Programación/Tareas/Tarea 0/hola.java
2022.08.12 10:53:34 WARN  no build target for: /home/agustin/Desktop/Universidad/Primavera22/Taller de Programación/Tareas/Tarea 0/hola.scala
Aug 12, 2022 11:04:05 AM org.eclipse.lsp4j.jsonrpc.services.GenericEndpoint notify
INFO: Unsupported notification method: $/setTrace
2022.08.12 11:38:02 INFO  shutting down Metals
